#
# A fatal error has been detected by the Java Runtime Environment:
#
#  SIGFPE (0x8) at pc=0x000000010e6158c8, pid=3830, tid=0x0000000000002103
#
# JRE version: Java(TM) SE Runtime Environment (8.0_271-b09) (build 1.8.0_271-b09)
# Java VM: Java HotSpot(TM) 64-Bit Server VM (25.271-b09 mixed mode bsd-amd64 compressed oops)
# Problematic frame:
# j  com.sun.tools.javac.comp.ConstFold.fold2(ILcom/sun/tools/javac/code/Type;Lcom/sun/tools/javac/code/Type;)Lcom/sun/tools/javac/code/Type;+877
#
# Failed to write core dump. Core dumps have been disabled. To enable core dumping, try "ulimit -c unlimited" before starting Java again
#
# If you would like to submit a bug report, please visit:
#   http://bugreport.java.com/bugreport/crash.jsp
#

---------------  T H R E A D  ---------------

Current thread (0x00007ff82e00a800):  JavaThread "main" [_thread_in_Java, id=8451, stack(0x0000000304959000,0x0000000304a59000)]

siginfo: si_signo: 8 (SIGFPE), si_code: 5 (FPE_FLTINV), si_addr: 0x000000010e6158c8

Registers:
RAX=0x0000000000000007, RBX=0x000000000000006c, RCX=0x0000000000000000, RDX=0x0000000000000000
RSP=0x0000000304a55d30, RBP=0x0000000304a55d78, RSI=0x0000000304a55cd0, RDI=0x00000007c00115f0
R8 =0x0000000126fffbb8, R9 =0x00007ff82d461460, R10=0x000000010cf31f50, R11=0x000000010ee19f40
R12=0x0000000000000000, R13=0x000000012b7dd3c8, R14=0x0000000304a55db0, R15=0x00007ff82e00a800
RIP=0x000000010e6158c8, EFLAGS=0x0000000000000a83, ERR=0x0000000000000000
  TRAPNO=0x0000000000000000

Top of Stack: (sp=0x0000000304a55d30)
0x0000000304a55d30:   0000000793c890b8 0000000304a55d38
0x0000000304a55d40:   000000012b7dd3c5 0000000304a55db0
0x0000000304a55d50:   000000012b7dded8 000000012c5abad8
0x0000000304a55d60:   000000012b76cf18 0000000000000000
0x0000000304a55d70:   0000000304a55dc0 0000000793c96bc8
0x0000000304a55d80:   000000010ed8d43c 00000006c0666958
0x0000000304a55d90:   00000006c0893150 0000000794a7caf0
0x0000000304a55da0:   0000000794a7cad0 000000000000006c
0x0000000304a55db0:   0000000793c97b58 000000010ed8d43c
0x0000000304a55dc0:   0000000700000000 000000011a3b9000
0x0000000304a55dd0:   0000000000000000 0000000793d02088
0x0000000304a55de0:   0000000793c968f8 000000010ff189c8
0x0000000304a55df0:   0000000793c78930 00000001f27a8f1b
0x0000000304a55e00:   00000000f2792d37 000000010f9a2644
0x0000000304a55e10:   0000000794a352f0 f2792cedd8021d31
0x0000000304a55e20:   00000000f2792d37 000000010f9a1eec
0x0000000304a55e30:   f185e8d8f2792d03 0000000793c96ce8
0x0000000304a55e40:   0000000794a7c558 0000000794a352d0
0x0000000304a55e50:   0000000794a30d18 0000000793d02088
0x0000000304a55e60:   00000000f2792d37 000000010f9d6bec
0x0000000304a55e70:   0000000793c968f8 000000010e74f8e8
0x0000000304a55e80:   0000000794a30c30 0000000793d02088
0x0000000304a55e90:   0000000794a30d90 000000010fb00724
0x0000000304a55ea0:   00000007f8048e15 0000000793c96bc8
0x0000000304a55eb0:   0000000793c78930 0000000793c96768
0x0000000304a55ec0:   000000078c2f4988 0000000793c96bc8
0x0000000304a55ed0:   000000078c2f4a78 0000000794a7cad0
0x0000000304a55ee0:   0000000794a7b658 000000078c2f4740
0x0000000304a55ef0:   0000000793c96768 000000078c2f4988
0x0000000304a55f00:   0000000794a7cad0 0000000794a7caf0
0x0000000304a55f10:   0000000794a30d18 00000006c00006d0
0x0000000304a55f20:   0000000794a0cf98 000000011a3b9000 

Instructions: (pc=0x000000010e6158c8)
0x000000010e6158a8:   c8 8b 04 24 48 83 c4 08 81 f8 00 00 00 80 0f 85
0x000000010e6158b8:   0b 00 00 00 33 d2 83 f9 ff 0f 84 03 00 00 00 99
0x000000010e6158c8:   f7 f9 41 0f b6 5d 01 49 ff c5 49 ba 50 1f f3 0c
0x000000010e6158d8:   01 00 00 00 41 ff 24 da 80 00 00 00 00 00 00 00 

Register to memory mapping:

RAX=0x0000000000000007 is an unknown value
RBX=0x000000000000006c is an unknown value
RCX=0x0000000000000000 is an unknown value
RDX=0x0000000000000000 is an unknown value
RSP=0x0000000304a55d30 is pointing into the stack for thread: 0x00007ff82e00a800
RBP=0x0000000304a55d78 is pointing into the stack for thread: 0x00007ff82e00a800
RSI=0x0000000304a55cd0 is pointing into the stack for thread: 0x00007ff82e00a800
RDI=0x00000007c00115f0 is pointing into metadata
R8 ={method} {0x0000000126fffbb8} 'intValue' '()I' in 'java/lang/Number'
R9 =0x00007ff82d461460 is an unknown value
R10=0x000000010cf31f50: _ZN19TemplateInterpreter13_active_tableE+0x2000 in /Library/Java/JavaVirtualMachines/jdk1.8.0_271.jdk/Contents/Home/jre/lib/server/libjvm.dylib at 0x000000010c800000
R11=0x000000010ee19f40 is at entry_point+32 in (nmethod*)0x000000010ee19dd0
R12=0x0000000000000000 is an unknown value
R13=0x000000012b7dd3c8 is pointing into metadata
R14=0x0000000304a55db0 is pointing into the stack for thread: 0x00007ff82e00a800
R15=0x00007ff82e00a800 is a thread


Stack: [0x0000000304959000,0x0000000304a59000],  sp=0x0000000304a55d30,  free space=1011k
Native frames: (J=compiled Java code, j=interpreted, Vv=VM code, C=native code)
j  com.sun.tools.javac.comp.ConstFold.fold2(ILcom/sun/tools/javac/code/Type;Lcom/sun/tools/javac/code/Type;)Lcom/sun/tools/javac/code/Type;+877
J 9071 C1 com.sun.tools.javac.comp.Attr.visitBinary(Lcom/sun/tools/javac/tree/JCTree$JCBinary;)V (301 bytes) @ 0x000000010ed8d43c [0x000000010ed8b500+0x1f3c]
J 8622 C2 com.sun.tools.javac.tree.JCTree$JCBinary.accept(Lcom/sun/tools/javac/tree/JCTree$Visitor;)V (6 bytes) @ 0x0000000110104c64 [0x0000000110104c20+0x44]
J 6279 C2 com.sun.tools.javac.comp.Attr.attribTree(Lcom/sun/tools/javac/tree/JCTree;Lcom/sun/tools/javac/comp/Env;Lcom/sun/tools/javac/comp/Attr$ResultInfo;)Lcom/sun/tools/javac/code/Type; (148 bytes) @ 0x000000010e726be0 [0x000000010e726b40+0xa0]
J 9071 C1 com.sun.tools.javac.comp.Attr.visitBinary(Lcom/sun/tools/javac/tree/JCTree$JCBinary;)V (301 bytes) @ 0x000000010ed8b6f4 [0x000000010ed8b500+0x1f4]
J 8622 C2 com.sun.tools.javac.tree.JCTree$JCBinary.accept(Lcom/sun/tools/javac/tree/JCTree$Visitor;)V (6 bytes) @ 0x0000000110104c64 [0x0000000110104c20+0x44]
J 6279 C2 com.sun.tools.javac.comp.Attr.attribTree(Lcom/sun/tools/javac/tree/JCTree;Lcom/sun/tools/javac/comp/Env;Lcom/sun/tools/javac/comp/Attr$ResultInfo;)Lcom/sun/tools/javac/code/Type; (148 bytes) @ 0x000000010e726be0 [0x000000010e726b40+0xa0]
j  com.sun.tools.javac.comp.Attr.visitParens(Lcom/sun/tools/javac/tree/JCTree$JCParens;)V+13
J 6079 C1 com.sun.tools.javac.tree.JCTree$JCParens.accept(Lcom/sun/tools/javac/tree/JCTree$Visitor;)V (6 bytes) @ 0x000000010f0d654c [0x000000010f0d6440+0x10c]
J 6279 C2 com.sun.tools.javac.comp.Attr.attribTree(Lcom/sun/tools/javac/tree/JCTree;Lcom/sun/tools/javac/comp/Env;Lcom/sun/tools/javac/comp/Attr$ResultInfo;)Lcom/sun/tools/javac/code/Type; (148 bytes) @ 0x000000010e726be0 [0x000000010e726b40+0xa0]
J 6325 C1 com.sun.tools.javac.comp.Attr.attribExpr(Lcom/sun/tools/javac/tree/JCTree;Lcom/sun/tools/javac/comp/Env;Lcom/sun/tools/javac/code/Type;)Lcom/sun/tools/javac/code/Type; (34 bytes) @ 0x000000010e9366d4 [0x000000010e936240+0x494]
j  com.sun.tools.javac.comp.Attr.visitIf(Lcom/sun/tools/javac/tree/JCTree$JCIf;)V+16
J 5861 C1 com.sun.tools.javac.tree.JCTree$JCIf.accept(Lcom/sun/tools/javac/tree/JCTree$Visitor;)V (6 bytes) @ 0x000000010f9db64c [0x000000010f9db540+0x10c]
J 6279 C2 com.sun.tools.javac.comp.Attr.attribTree(Lcom/sun/tools/javac/tree/JCTree;Lcom/sun/tools/javac/comp/Env;Lcom/sun/tools/javac/comp/Attr$ResultInfo;)Lcom/sun/tools/javac/code/Type; (148 bytes) @ 0x000000010e726be0 [0x000000010e726b40+0xa0]
J 7864 C1 com.sun.tools.javac.comp.Attr.visitBlock(Lcom/sun/tools/javac/tree/JCTree$JCBlock;)V (363 bytes) @ 0x000000010fcfda94 [0x000000010fcfb200+0x2894]
J 8489 C2 com.sun.tools.javac.tree.JCTree$JCBlock.accept(Lcom/sun/tools/javac/tree/JCTree$Visitor;)V (6 bytes) @ 0x000000010fff44e4 [0x000000010fff44a0+0x44]
J 6279 C2 com.sun.tools.javac.comp.Attr.attribTree(Lcom/sun/tools/javac/tree/JCTree;Lcom/sun/tools/javac/comp/Env;Lcom/sun/tools/javac/comp/Attr$ResultInfo;)Lcom/sun/tools/javac/code/Type; (148 bytes) @ 0x000000010e726be0 [0x000000010e726b40+0xa0]
J 5846 C1 com.sun.tools.javac.comp.Attr.attribStat(Lcom/sun/tools/javac/tree/JCTree;Lcom/sun/tools/javac/comp/Env;)Lcom/sun/tools/javac/code/Type; (11 bytes) @ 0x000000010f9be614 [0x000000010f9be580+0x94]
j  com.sun.tools.javac.comp.Attr.visitTry(Lcom/sun/tools/javac/tree/JCTree$JCTry;)V+246
J 8833 C1 com.sun.tools.javac.tree.JCTree$JCTry.accept(Lcom/sun/tools/javac/tree/JCTree$Visitor;)V (6 bytes) @ 0x00000001102f2c4c [0x00000001102f2b40+0x10c]
J 6279 C2 com.sun.tools.javac.comp.Attr.attribTree(Lcom/sun/tools/javac/tree/JCTree;Lcom/sun/tools/javac/comp/Env;Lcom/sun/tools/javac/comp/Attr$ResultInfo;)Lcom/sun/tools/javac/code/Type; (148 bytes) @ 0x000000010e726be0 [0x000000010e726b40+0xa0]
J 7864 C1 com.sun.tools.javac.comp.Attr.visitBlock(Lcom/sun/tools/javac/tree/JCTree$JCBlock;)V (363 bytes) @ 0x000000010fcfda94 [0x000000010fcfb200+0x2894]
J 8489 C2 com.sun.tools.javac.tree.JCTree$JCBlock.accept(Lcom/sun/tools/javac/tree/JCTree$Visitor;)V (6 bytes) @ 0x000000010fff44e4 [0x000000010fff44a0+0x44]
J 6279 C2 com.sun.tools.javac.comp.Attr.attribTree(Lcom/sun/tools/javac/tree/JCTree;Lcom/sun/tools/javac/comp/Env;Lcom/sun/tools/javac/comp/Attr$ResultInfo;)Lcom/sun/tools/javac/code/Type; (148 bytes) @ 0x000000010e726be0 [0x000000010e726b40+0xa0]
J 8644 C1 com.sun.tools.javac.comp.Attr.visitMethodDef(Lcom/sun/tools/javac/tree/JCTree$JCMethodDecl;)V (1198 bytes) @ 0x00000001101ec694 [0x00000001101e5600+0x7094]
J 8632 C2 com.sun.tools.javac.tree.JCTree$JCMethodDecl.accept(Lcom/sun/tools/javac/tree/JCTree$Visitor;)V (6 bytes) @ 0x0000000110107824 [0x00000001101077e0+0x44]
J 6279 C2 com.sun.tools.javac.comp.Attr.attribTree(Lcom/sun/tools/javac/tree/JCTree;Lcom/sun/tools/javac/comp/Env;Lcom/sun/tools/javac/comp/Attr$ResultInfo;)Lcom/sun/tools/javac/code/Type; (148 bytes) @ 0x000000010e726be0 [0x000000010e726b40+0xa0]
J 5846 C1 com.sun.tools.javac.comp.Attr.attribStat(Lcom/sun/tools/javac/tree/JCTree;Lcom/sun/tools/javac/comp/Env;)Lcom/sun/tools/javac/code/Type; (11 bytes) @ 0x000000010f9be614 [0x000000010f9be580+0x94]
j  com.sun.tools.javac.comp.Attr.attribClassBody(Lcom/sun/tools/javac/comp/Env;Lcom/sun/tools/javac/code/Symbol$ClassSymbol;)V+472
J 9743 C1 com.sun.tools.javac.comp.Attr.attribClass(Lcom/sun/tools/javac/code/Symbol$ClassSymbol;)V (513 bytes) @ 0x00000001107b41e4 [0x00000001107b1a20+0x27c4]
j  com.sun.tools.javac.comp.Attr.attribClass(Lcom/sun/tools/javac/util/JCDiagnostic$DiagnosticPosition;Lcom/sun/tools/javac/code/Symbol$ClassSymbol;)V+9
j  com.sun.tools.javac.comp.Attr.attrib(Lcom/sun/tools/javac/comp/Env;)V+36
j  com.sun.tools.javac.main.JavaCompiler.attribute(Lcom/sun/tools/javac/comp/Env;)Lcom/sun/tools/javac/comp/Env;+176
j  com.sun.tools.javac.main.JavaCompiler.compile2()V+177
j  com.sun.tools.javac.main.JavaCompiler.compile(Lcom/sun/tools/javac/util/List;Lcom/sun/tools/javac/util/List;Ljava/lang/Iterable;)V+165
j  com.sun.tools.javac.main.Main.compile([Ljava/lang/String;[Ljava/lang/String;Lcom/sun/tools/javac/util/Context;Lcom/sun/tools/javac/util/List;Ljava/lang/Iterable;)Lcom/sun/tools/javac/main/Main$Result;+1299
j  com.sun.tools.javac.api.JavacTaskImpl.doCall()Lcom/sun/tools/javac/main/Main$Result;+59
j  com.sun.tools.javac.api.JavacTaskImpl.call()Ljava/lang/Boolean;+1
j  org.codehaus.plexus.compiler.javac.JavaxToolsCompiler.compileInProcess([Ljava/lang/String;Lorg/codehaus/plexus/compiler/CompilerConfiguration;[Ljava/lang/String;)Lorg/codehaus/plexus/compiler/CompilerResult;+125
j  org.codehaus.plexus.compiler.javac.JavacCompiler.performCompile(Lorg/codehaus/plexus/compiler/CompilerConfiguration;)Lorg/codehaus/plexus/compiler/CompilerResult;+216
j  org.apache.maven.plugin.compiler.AbstractCompilerMojo.execute()V+2006
j  org.apache.maven.plugin.compiler.CompilerMojo.execute()V+20
J 9581 C1 org.apache.maven.plugin.DefaultBuildPluginManager.executeMojo(Lorg/apache/maven/execution/MavenSession;Lorg/apache/maven/plugin/MojoExecution;)V (725 bytes) @ 0x00000001106b3c4c [0x00000001106b1ce0+0x1f6c]
j  org.apache.maven.lifecycle.internal.MojoExecutor.execute(Lorg/apache/maven/execution/MavenSession;Lorg/apache/maven/plugin/MojoExecution;Lorg/apache/maven/lifecycle/internal/ProjectIndex;Lorg/apache/maven/lifecycle/internal/DependencyContext;)V+215
j  org.apache.maven.lifecycle.internal.MojoExecutor.execute(Lorg/apache/maven/execution/MavenSession;Lorg/apache/maven/plugin/MojoExecution;Lorg/apache/maven/lifecycle/internal/ProjectIndex;Lorg/apache/maven/lifecycle/internal/DependencyContext;Lorg/apache/maven/lifecycle/internal/PhaseRecorder;)V+6
j  org.apache.maven.lifecycle.internal.MojoExecutor.execute(Lorg/apache/maven/execution/MavenSession;Ljava/util/List;Lorg/apache/maven/lifecycle/internal/ProjectIndex;)V+60
j  org.apache.maven.lifecycle.internal.LifecycleModuleBuilder.buildProject(Lorg/apache/maven/execution/MavenSession;Lorg/apache/maven/execution/MavenSession;Lorg/apache/maven/lifecycle/internal/ReactorContext;Lorg/apache/maven/project/MavenProject;Lorg/apache/maven/lifecycle/internal/TaskSegment;)V+179
j  org.apache.maven.lifecycle.internal.LifecycleModuleBuilder.buildProject(Lorg/apache/maven/execution/MavenSession;Lorg/apache/maven/lifecycle/internal/ReactorContext;Lorg/apache/maven/project/MavenProject;Lorg/apache/maven/lifecycle/internal/TaskSegment;)V+7
j  org.apache.maven.lifecycle.internal.builder.singlethreaded.SingleThreadedBuilder.build(Lorg/apache/maven/execution/MavenSession;Lorg/apache/maven/lifecycle/internal/ReactorContext;Lorg/apache/maven/lifecycle/internal/ProjectBuildList;Ljava/util/List;Lorg/apache/maven/lifecycle/internal/ReactorBuildStatus;)V+77
j  org.apache.maven.lifecycle.internal.LifecycleStarter.execute(Lorg/apache/maven/execution/MavenSession;)V+348
j  org.apache.maven.DefaultMaven.doExecute(Lorg/apache/maven/execution/MavenExecutionRequest;Lorg/apache/maven/execution/MavenSession;Lorg/apache/maven/execution/MavenExecutionResult;Lorg/eclipse/aether/DefaultRepositorySystemSession;)Lorg/apache/maven/execution/MavenExecutionResult;+425
j  org.apache.maven.DefaultMaven.doExecute(Lorg/apache/maven/execution/MavenExecutionRequest;)Lorg/apache/maven/execution/MavenExecutionResult;+98
j  org.apache.maven.DefaultMaven.execute(Lorg/apache/maven/execution/MavenExecutionRequest;)Lorg/apache/maven/execution/MavenExecutionResult;+2
j  org.apache.maven.cli.MavenCli.execute(Lorg/apache/maven/cli/CliRequest;)I+27
j  org.apache.maven.cli.MavenCli.doMain(Lorg/apache/maven/cli/CliRequest;)I+66
j  org.apache.maven.cli.MavenCli.main([Ljava/lang/String;Lorg/codehaus/plexus/classworlds/ClassWorld;)I+24
v  ~StubRoutines::call_stub
V  [libjvm.dylib+0x2d4795]  JavaCalls::call_helper(JavaValue*, methodHandle*, JavaCallArguments*, Thread*)+0x771
V  [libjvm.dylib+0x4da0e7]  Reflection::invoke(instanceKlassHandle, methodHandle, Handle, bool, objArrayHandle, BasicType, objArrayHandle, bool, Thread*)+0x75b
V  [libjvm.dylib+0x4dadb6]  Reflection::invoke_method(oopDesc*, Handle, objArrayHandle, Thread*)+0x186
V  [libjvm.dylib+0x3463bd]  JVM_InvokeMethod+0x211
j  sun.reflect.NativeMethodAccessorImpl.invoke0(Ljava/lang/reflect/Method;Ljava/lang/Object;[Ljava/lang/Object;)Ljava/lang/Object;+0
j  sun.reflect.NativeMethodAccessorImpl.invoke(Ljava/lang/Object;[Ljava/lang/Object;)Ljava/lang/Object;+100
j  sun.reflect.DelegatingMethodAccessorImpl.invoke(Ljava/lang/Object;[Ljava/lang/Object;)Ljava/lang/Object;+6
j  java.lang.reflect.Method.invoke(Ljava/lang/Object;[Ljava/lang/Object;)Ljava/lang/Object;+56
j  org.codehaus.plexus.classworlds.launcher.Launcher.launchEnhanced([Ljava/lang/String;)V+45
j  org.codehaus.plexus.classworlds.launcher.Launcher.launch([Ljava/lang/String;)V+2
j  org.codehaus.plexus.classworlds.launcher.Launcher.mainWithExitCode([Ljava/lang/String;)I+101
j  org.codehaus.plexus.classworlds.launcher.Launcher.main([Ljava/lang/String;)V+1
v  ~StubRoutines::call_stub
V  [libjvm.dylib+0x2d4795]  JavaCalls::call_helper(JavaValue*, methodHandle*, JavaCallArguments*, Thread*)+0x771
V  [libjvm.dylib+0x30582b]  jni_invoke_static(JNIEnv_*, JavaValue*, _jobject*, JNICallType, _jmethodID*, JNI_ArgumentPusher*, Thread*)+0x279
V  [libjvm.dylib+0x308edb]  jni_CallStaticVoidMethod+0x1f6
C  [java+0x316c]  JavaMain+0x9dc
C  [libsystem_pthread.dylib+0x6950]  _pthread_start+0xe0
C  [libsystem_pthread.dylib+0x247b]  thread_start+0xf
C  0x0000000000000000


---------------  P R O C E S S  ---------------

Java Threads: ( => current thread )
  0x00007ff82d866800 JavaThread "Service Thread" daemon [_thread_blocked, id=41223, stack(0x0000000305b9a000,0x0000000305c9a000)]
  0x00007ff81d80d000 JavaThread "C1 CompilerThread3" daemon [_thread_blocked, id=41987, stack(0x0000000305a97000,0x0000000305b97000)]
  0x00007ff80d808800 JavaThread "C2 CompilerThread2" daemon [_thread_in_native, id=23043, stack(0x0000000305994000,0x0000000305a94000)]
  0x00007ff82d84b800 JavaThread "C2 CompilerThread1" daemon [_thread_in_native, id=42755, stack(0x0000000305891000,0x0000000305991000)]
  0x00007ff82d821000 JavaThread "C2 CompilerThread0" daemon [_thread_in_native, id=22531, stack(0x000000030578e000,0x000000030588e000)]
  0x00007ff81d80c000 JavaThread "Signal Dispatcher" daemon [_thread_blocked, id=43011, stack(0x000000030568b000,0x000000030578b000)]
  0x00007ff82e05b800 JavaThread "Finalizer" daemon [_thread_blocked, id=14875, stack(0x000000030547a000,0x000000030557a000)]
  0x00007ff82e058800 JavaThread "Reference Handler" daemon [_thread_blocked, id=14115, stack(0x0000000305377000,0x0000000305477000)]
=>0x00007ff82e00a800 JavaThread "main" [_thread_in_Java, id=8451, stack(0x0000000304959000,0x0000000304a59000)]

Other Threads:
  0x00007ff82e80b800 VMThread [stack: 0x0000000305274000,0x0000000305374000] [id=19459]
  0x00007ff82e09b000 WatcherThread [stack: 0x0000000305c9d000,0x0000000305d9d000] [id=40483]

VM state:not at safepoint (normal execution)

VM Mutex/Monitor currently owned by a thread: None

heap address: 0x00000006c0000000, size: 4096 MB, Compressed Oops mode: Zero based, Oop shift amount: 3
Narrow klass base: 0x0000000000000000, Narrow klass shift: 3
Compressed class space size: 1073741824 Address: 0x00000007c0000000

Heap:
 PSYoungGen      total 735232K, used 730789K [0x000000076ab00000, 0x000000079ce80000, 0x00000007c0000000)
  eden space 688640K, 100% used [0x000000076ab00000,0x0000000794b80000,0x0000000794b80000)
  from space 46592K, 90% used [0x0000000797d80000,0x000000079a6a9670,0x000000079ab00000)
  to   space 51200K, 0% used [0x0000000794b80000,0x0000000794b80000,0x0000000797d80000)
 ParOldGen       total 189440K, used 67606K [0x00000006c0000000, 0x00000006cb900000, 0x000000076ab00000)
  object space 189440K, 35% used [0x00000006c0000000,0x00000006c4205ab0,0x00000006cb900000)
 Metaspace       used 55329K, capacity 57732K, committed 57856K, reserved 1099776K
  class space    used 6478K, capacity 7119K, committed 7168K, reserved 1048576K

Card table byte_map: [0x000000011d9b9000,0x000000011e1ba000] byte_map_base: 0x000000011a3b9000

Marking Bits: (ParMarkBitMap*) 0x000000010cf29768
 Begin Bits: [0x000000011e710000, 0x0000000122710000)
 End Bits:   [0x0000000122710000, 0x0000000126710000)

Polling page: 0x0000000108689000

CodeCache: size=245760Kb used=39630Kb max_used=39630Kb free=206129Kb
 bounds [0x000000010e5f9000, 0x0000000110cd9000, 0x000000011d5f9000]
 total_blobs=9144 nmethods=8714 adapters=343
 compilation: enabled

Compilation events (10 events):
Event: 27.177 Thread 0x00007ff81d80d000 10569       3       com.sun.tools.javac.comp.Infer$IncorporationStep$7::accepts (33 bytes)
Event: 27.177 Thread 0x00007ff81d80d000 nmethod 10569 0x0000000110ccf910 code [0x0000000110ccfac0, 0x0000000110cd0138]
Event: 27.177 Thread 0x00007ff81d80d000 10571       3       com.sun.tools.javac.tree.TreeMaker::Assign (20 bytes)
Event: 27.177 Thread 0x00007ff81d80d000 nmethod 10571 0x0000000110cd02d0 code [0x0000000110cd0460, 0x0000000110cd07d0]
Event: 27.177 Thread 0x00007ff81d80d000 10572       3       com.sun.tools.javac.tree.JCTree$JCAssign::<init> (15 bytes)
Event: 27.177 Thread 0x00007ff81d80d000 nmethod 10572 0x0000000110cd0990 code [0x0000000110cd0b00, 0x0000000110cd0db0]
Event: 27.177 Thread 0x00007ff81d80d000 10573       3       com.sun.tools.javac.code.Symbol$MethodSymbol::overrides (246 bytes)
Event: 27.179 Thread 0x00007ff81d80d000 nmethod 10573 0x0000000110cd0ed0 code [0x0000000110cd1380, 0x0000000110cd4cb8]
Event: 27.179 Thread 0x00007ff81d80d000 10574       3       com.sun.tools.javac.comp.DeferredAttr$DeferredChecker::visitApply (96 bytes)
Event: 27.180 Thread 0x00007ff81d80d000 nmethod 10574 0x0000000110cd6d50 code [0x0000000110cd6f00, 0x0000000110cd7588]

GC Heap History (10 events):
Event: 12.141 GC heap before
{Heap before GC invocations=8 (full 1):
 PSYoungGen      total 369664K, used 126630K [0x000000076ab00000, 0x0000000788580000, 0x00000007c0000000)
  eden space 337408K, 29% used [0x000000076ab00000,0x0000000770d005d0,0x000000077f480000)
  from space 32256K, 81% used [0x0000000781680000,0x00000007830294c0,0x0000000783600000)
  to   space 34816K, 0% used [0x000000077f480000,0x000000077f480000,0x0000000781680000)
 ParOldGen       total 111104K, used 46615K [0x00000006c0000000, 0x00000006c6c80000, 0x000000076ab00000)
  object space 111104K, 41% used [0x00000006c0000000,0x00000006c2d85ce0,0x00000006c6c80000)
 Metaspace       used 34263K, capacity 35368K, committed 35496K, reserved 1081344K
  class space    used 3962K, capacity 4280K, committed 4352K, reserved 1048576K
Event: 12.165 GC heap after
Heap after GC invocations=8 (full 1):
 PSYoungGen      total 372224K, used 26845K [0x000000076ab00000, 0x0000000790d00000, 0x00000007c0000000)
  eden space 337408K, 0% used [0x000000076ab00000,0x000000076ab00000,0x000000077f480000)
  from space 34816K, 77% used [0x000000077f480000,0x0000000780eb7688,0x0000000781680000)
  to   space 36352K, 0% used [0x000000078e980000,0x000000078e980000,0x0000000790d00000)
 ParOldGen       total 111104K, used 46623K [0x00000006c0000000, 0x00000006c6c80000, 0x000000076ab00000)
  object space 111104K, 41% used [0x00000006c0000000,0x00000006c2d87ce0,0x00000006c6c80000)
 Metaspace       used 34263K, capacity 35368K, committed 35496K, reserved 1081344K
  class space    used 3962K, capacity 4280K, committed 4352K, reserved 1048576K
}
Event: 12.165 GC heap before
{Heap before GC invocations=9 (full 2):
 PSYoungGen      total 372224K, used 26845K [0x000000076ab00000, 0x0000000790d00000, 0x00000007c0000000)
  eden space 337408K, 0% used [0x000000076ab00000,0x000000076ab00000,0x000000077f480000)
  from space 34816K, 77% used [0x000000077f480000,0x0000000780eb7688,0x0000000781680000)
  to   space 36352K, 0% used [0x000000078e980000,0x000000078e980000,0x0000000790d00000)
 ParOldGen       total 111104K, used 46623K [0x00000006c0000000, 0x00000006c6c80000, 0x000000076ab00000)
  object space 111104K, 41% used [0x00000006c0000000,0x00000006c2d87ce0,0x00000006c6c80000)
 Metaspace       used 34263K, capacity 35368K, committed 35496K, reserved 1081344K
  class space    used 3962K, capacity 4280K, committed 4352K, reserved 1048576K
Event: 12.271 GC heap after
Heap after GC invocations=9 (full 2):
 PSYoungGen      total 372224K, used 0K [0x000000076ab00000, 0x0000000790d00000, 0x00000007c0000000)
  eden space 337408K, 0% used [0x000000076ab00000,0x000000076ab00000,0x000000077f480000)
  from space 34816K, 0% used [0x000000077f480000,0x000000077f480000,0x0000000781680000)
  to   space 36352K, 0% used [0x000000078e980000,0x000000078e980000,0x0000000790d00000)
 ParOldGen       total 189440K, used 46005K [0x00000006c0000000, 0x00000006cb900000, 0x000000076ab00000)
  object space 189440K, 24% used [0x00000006c0000000,0x00000006c2ced408,0x00000006cb900000)
 Metaspace       used 26629K, capacity 27468K, committed 35496K, reserved 1081344K
  class space    used 3019K, capacity 3245K, committed 4352K, reserved 1048576K
}
Event: 15.373 GC heap before
{Heap before GC invocations=10 (full 2):
 PSYoungGen      total 372224K, used 337408K [0x000000076ab00000, 0x0000000790d00000, 0x00000007c0000000)
  eden space 337408K, 100% used [0x000000076ab00000,0x000000077f480000,0x000000077f480000)
  from space 34816K, 0% used [0x000000077f480000,0x000000077f480000,0x0000000781680000)
  to   space 36352K, 0% used [0x000000078e980000,0x000000078e980000,0x0000000790d00000)
 ParOldGen       total 189440K, used 46005K [0x00000006c0000000, 0x00000006cb900000, 0x000000076ab00000)
  object space 189440K, 24% used [0x00000006c0000000,0x00000006c2ced408,0x00000006cb900000)
 Metaspace       used 32651K, capacity 33764K, committed 35496K, reserved 1081344K
  class space    used 3792K, capacity 4101K, committed 4352K, reserved 1048576K
Event: 15.393 GC heap after
Heap after GC invocations=10 (full 2):
 PSYoungGen      total 556544K, used 30824K [0x000000076ab00000, 0x0000000790800000, 0x00000007c0000000)
  eden space 525312K, 0% used [0x000000076ab00000,0x000000076ab00000,0x000000078ac00000)
  from space 31232K, 98% used [0x000000078e980000,0x000000079079a0e8,0x0000000790800000)
  to   space 39424K, 0% used [0x000000078bb00000,0x000000078bb00000,0x000000078e180000)
 ParOldGen       total 189440K, used 46013K [0x00000006c0000000, 0x00000006cb900000, 0x000000076ab00000)
  object space 189440K, 24% used [0x00000006c0000000,0x00000006c2cef408,0x00000006cb900000)
 Metaspace       used 32651K, capacity 33764K, committed 35496K, reserved 1081344K
  class space    used 3792K, capacity 4101K, committed 4352K, reserved 1048576K
}
Event: 19.222 GC heap before
{Heap before GC invocations=11 (full 2):
 PSYoungGen      total 556544K, used 556136K [0x000000076ab00000, 0x0000000790800000, 0x00000007c0000000)
  eden space 525312K, 100% used [0x000000076ab00000,0x000000078ac00000,0x000000078ac00000)
  from space 31232K, 98% used [0x000000078e980000,0x000000079079a0e8,0x0000000790800000)
  to   space 39424K, 0% used [0x000000078bb00000,0x000000078bb00000,0x000000078e180000)
 ParOldGen       total 189440K, used 46013K [0x00000006c0000000, 0x00000006cb900000, 0x000000076ab00000)
  object space 189440K, 24% used [0x00000006c0000000,0x00000006c2cef408,0x00000006cb900000)
 Metaspace       used 39478K, capacity 41008K, committed 41216K, reserved 1085440K
  class space    used 4599K, capacity 5026K, committed 5120K, reserved 1048576K
Event: 19.261 GC heap after
Heap after GC invocations=11 (full 2):
 PSYoungGen      total 580096K, used 39407K [0x000000076ab00000, 0x000000079ab00000, 0x00000007c0000000)
  eden space 540672K, 0% used [0x000000076ab00000,0x000000076ab00000,0x000000078bb00000)
  from space 39424K, 99% used [0x000000078bb00000,0x000000078e17bd00,0x000000078e180000)
  to   space 46592K, 0% used [0x0000000797d80000,0x0000000797d80000,0x000000079ab00000)
 ParOldGen       total 189440K, used 51112K [0x00000006c0000000, 0x00000006cb900000, 0x000000076ab00000)
  object space 189440K, 26% used [0x00000006c0000000,0x00000006c31ea0f0,0x00000006cb900000)
 Metaspace       used 39478K, capacity 41008K, committed 41216K, reserved 1085440K
  class space    used 4599K, capacity 5026K, committed 5120K, reserved 1048576K
}
Event: 23.064 GC heap before
{Heap before GC invocations=12 (full 2):
 PSYoungGen      total 580096K, used 580079K [0x000000076ab00000, 0x000000079ab00000, 0x00000007c0000000)
  eden space 540672K, 100% used [0x000000076ab00000,0x000000078bb00000,0x000000078bb00000)
  from space 39424K, 99% used [0x000000078bb00000,0x000000078e17bd00,0x000000078e180000)
  to   space 46592K, 0% used [0x0000000797d80000,0x0000000797d80000,0x000000079ab00000)
 ParOldGen       total 189440K, used 51112K [0x00000006c0000000, 0x00000006cb900000, 0x000000076ab00000)
  object space 189440K, 26% used [0x00000006c0000000,0x00000006c31ea0f0,0x00000006cb900000)
 Metaspace       used 46151K, capacity 48066K, committed 48256K, reserved 1091584K
  class space    used 5387K, capacity 5903K, committed 6016K, reserved 1048576K
Event: 23.138 GC heap after
Heap after GC invocations=12 (full 2):
 PSYoungGen      total 735232K, used 42149K [0x000000076ab00000, 0x000000079ce80000, 0x00000007c0000000)
  eden space 688640K, 0% used [0x000000076ab00000,0x000000076ab00000,0x0000000794b80000)
  from space 46592K, 90% used [0x0000000797d80000,0x000000079a6a9670,0x000000079ab00000)
  to   space 51200K, 0% used [0x0000000794b80000,0x0000000794b80000,0x0000000797d80000)
 ParOldGen       total 189440K, used 67606K [0x00000006c0000000, 0x00000006cb900000, 0x000000076ab00000)
  object space 189440K, 35% used [0x00000006c0000000,0x00000006c4205ab0,0x00000006cb900000)
 Metaspace       used 46151K, capacity 48066K, committed 48256K, reserved 1091584K
  class space    used 5387K, capacity 5903K, committed 6016K, reserved 1048576K
}

Deoptimization events (10 events):
Event: 26.154 Thread 0x00007ff82e00a800 Uncommon trap: reason=speculate_class_check action=maybe_recompile pc=0x000000010ec061d8 method=com.sun.tools.javac.code.Types$SameTypeVisitor.visitClassType(Lcom/sun/tools/javac/code/Type$ClassType;Lcom/sun/tools/javac/code/Type;)Ljava/lang/Boolean; @ 32
Event: 26.400 Thread 0x00007ff82e00a800 Uncommon trap: reason=unstable_if action=reinterpret pc=0x000000010fb20f54 method=com.sun.tools.javac.code.Types.isSubtype(Lcom/sun/tools/javac/code/Type;Lcom/sun/tools/javac/code/Type;Z)Z @ 163
Event: 26.980 Thread 0x00007ff82e00a800 Uncommon trap: reason=bimorphic action=maybe_recompile pc=0x0000000110c1ea34 method=lombok.javac.JavacNode.traverse(Llombok/javac/JavacASTVisitor;)V @ 73
Event: 26.980 Thread 0x00007ff82e00a800 Uncommon trap: reason=bimorphic action=maybe_recompile pc=0x0000000110c1ea24 method=lombok.javac.JavacNode.traverse(Llombok/javac/JavacASTVisitor;)V @ 113
Event: 26.980 Thread 0x00007ff82e00a800 Uncommon trap: reason=bimorphic action=maybe_recompile pc=0x0000000110c1e6dc method=lombok.javac.JavacNode.traverse(Llombok/javac/JavacASTVisitor;)V @ 490
Event: 26.980 Thread 0x00007ff82e00a800 Uncommon trap: reason=bimorphic action=maybe_recompile pc=0x0000000110c1e9f8 method=lombok.javac.JavacNode.traverse(Llombok/javac/JavacASTVisitor;)V @ 193
Event: 26.980 Thread 0x00007ff82e00a800 Uncommon trap: reason=bimorphic action=maybe_recompile pc=0x0000000110c1ea44 method=lombok.javac.JavacNode.traverse(Llombok/javac/JavacASTVisitor;)V @ 369
Event: 26.980 Thread 0x00007ff82e00a800 Uncommon trap: reason=bimorphic action=maybe_recompile pc=0x0000000110c1ea44 method=lombok.javac.JavacNode.traverse(Llombok/javac/JavacASTVisitor;)V @ 369
Event: 27.091 Thread 0x00007ff82e00a800 Uncommon trap: reason=speculate_class_check action=maybe_recompile pc=0x000000010fdcb210 method=com.sun.tools.javac.util.ArrayUtils.ensureCapacity([Ljava/lang/Object;I)[Ljava/lang/Object; @ 39
Event: 27.143 Thread 0x00007ff82e00a800 Uncommon trap: reason=unstable_if action=reinterpret pc=0x0000000110870278 method=com.sun.tools.javac.code.Symbol$MethodSymbol.overrides(Lcom/sun/tools/javac/code/Symbol;Lcom/sun/tools/javac/code/Symbol$TypeSymbol;Lcom/sun/tools/javac/code/Types;Z)Z @ 149

Classes redefined (0 events):
No events

Internal exceptions (10 events):
Event: 26.263 Thread 0x00007ff82e00a800 Implicit null exception at 0x000000011074d501 to 0x0000000110750938
Event: 26.263 Thread 0x00007ff82e00a800 Exception <a 'java/lang/NullPointerException'> (0x000000078a975988) thrown at [/jenkins/workspace/8-2-build-macosx-x86_64/jdk8u271/605/hotspot/src/share/vm/runtime/sharedRuntime.cpp, line 609]
Event: 26.263 Thread 0x00007ff82e00a800 Implicit null exception at 0x000000011074d501 to 0x0000000110750938
Event: 26.263 Thread 0x00007ff82e00a800 Exception <a 'java/lang/NullPointerException'> (0x000000078a976518) thrown at [/jenkins/workspace/8-2-build-macosx-x86_64/jdk8u271/605/hotspot/src/share/vm/runtime/sharedRuntime.cpp, line 609]
Event: 26.263 Thread 0x00007ff82e00a800 Implicit null exception at 0x000000011074d501 to 0x0000000110750938
Event: 26.263 Thread 0x00007ff82e00a800 Exception <a 'java/lang/NullPointerException'> (0x000000078a976918) thrown at [/jenkins/workspace/8-2-build-macosx-x86_64/jdk8u271/605/hotspot/src/share/vm/runtime/sharedRuntime.cpp, line 609]
Event: 26.263 Thread 0x00007ff82e00a800 Implicit null exception at 0x000000011074d501 to 0x0000000110750938
Event: 26.263 Thread 0x00007ff82e00a800 Exception <a 'java/lang/NullPointerException'> (0x000000078a976d18) thrown at [/jenkins/workspace/8-2-build-macosx-x86_64/jdk8u271/605/hotspot/src/share/vm/runtime/sharedRuntime.cpp, line 609]
Event: 26.378 Thread 0x00007ff82e00a800 Exception <a 'java/io/FileNotFoundException'> (0x000000078c3857f0) thrown at [/jenkins/workspace/8-2-build-macosx-x86_64/jdk8u271/605/hotspot/src/share/vm/prims/jni.cpp, line 710]
Event: 26.378 Thread 0x00007ff82e00a800 Exception <a 'java/io/FileNotFoundException'> (0x000000078c3873a0) thrown at [/jenkins/workspace/8-2-build-macosx-x86_64/jdk8u271/605/hotspot/src/share/vm/prims/jni.cpp, line 710]

Events (10 events):
Event: 26.980 Thread 0x00007ff82e00a800 DEOPT UNPACKING pc=0x000000010e63e73a sp=0x0000000304a56700 mode 2
Event: 26.980 Thread 0x00007ff82e00a800 Uncommon trap: trap_request=0xffffffc6 fr.pc=0x0000000110c1ea44
Event: 26.980 Thread 0x00007ff82e00a800 DEOPT PACKING pc=0x0000000110c1ea44 sp=0x0000000304a56670
Event: 26.980 Thread 0x00007ff82e00a800 DEOPT UNPACKING pc=0x000000010e63e73a sp=0x0000000304a56620 mode 2
Event: 27.091 Thread 0x00007ff82e00a800 Uncommon trap: trap_request=0xffffff76 fr.pc=0x000000010fdcb210
Event: 27.091 Thread 0x00007ff82e00a800 DEOPT PACKING pc=0x000000010fdcb210 sp=0x0000000304a55f40
Event: 27.091 Thread 0x00007ff82e00a800 DEOPT UNPACKING pc=0x000000010e63e73a sp=0x0000000304a55ed8 mode 2
Event: 27.143 Thread 0x00007ff82e00a800 Uncommon trap: trap_request=0xffffff65 fr.pc=0x0000000110870278
Event: 27.143 Thread 0x00007ff82e00a800 DEOPT PACKING pc=0x0000000110870278 sp=0x0000000304a55940
Event: 27.143 Thread 0x00007ff82e00a800 DEOPT UNPACKING pc=0x000000010e63e73a sp=0x0000000304a55918 mode 2


Dynamic libraries:
0x00007ffdffe55000 	/Library/Apple/usr/libexec/oah/runtime
0x00007fff35290000 	/System/Library/Frameworks/Cocoa.framework/Versions/A/Cocoa
0x00007fff221c8000 	/System/Library/Frameworks/Security.framework/Versions/A/Security
0x00007fff334df000 	/System/Library/Frameworks/ApplicationServices.framework/Versions/A/ApplicationServices
0x00007fff2a658000 	/usr/lib/libz.1.dylib
0x00007fff2a724000 	/usr/lib/libSystem.B.dylib
0x00007fff2045d000 	/System/Library/Frameworks/CoreFoundation.framework/Versions/A/CoreFoundation
0x00007fff2113c000 	/System/Library/Frameworks/Foundation.framework/Versions/C/Foundation
0x00007fff2027c000 	/usr/lib/libobjc.A.dylib
0x00007fff22bec000 	/System/Library/Frameworks/AppKit.framework/Versions/C/AppKit
0x00007fff25a9b000 	/System/Library/Frameworks/CoreData.framework/Versions/A/CoreData
0x00007fff23949000 	/System/Library/PrivateFrameworks/UIFoundation.framework/Versions/A/UIFoundation
0x00007fff2fec2000 	/System/Library/PrivateFrameworks/RemoteViewServices.framework/Versions/A/RemoteViewServices
0x00007fff28c74000 	/System/Library/PrivateFrameworks/XCTTargetBootstrap.framework/Versions/A/XCTTargetBootstrap
0x00007fff2b9c1000 	/usr/lib/libspindump.dylib
0x00007fff23b9d000 	/System/Library/Frameworks/UniformTypeIdentifiers.framework/Versions/A/UniformTypeIdentifiers
0x00007fff27446000 	/usr/lib/libapp_launch_measurement.dylib
0x00007fff27449000 	/System/Library/PrivateFrameworks/CoreAutoLayout.framework/Versions/A/CoreAutoLayout
0x00007fff285d5000 	/System/Library/Frameworks/Metal.framework/Versions/A/Metal
0x00007fff292ca000 	/usr/lib/liblangid.dylib
0x00007fff28c78000 	/System/Library/PrivateFrameworks/CoreSVG.framework/Versions/A/CoreSVG
0x00007fff24b84000 	/System/Library/PrivateFrameworks/SkyLight.framework/Versions/A/SkyLight
0x00007fff24ee3000 	/System/Library/Frameworks/CoreGraphics.framework/Versions/A/CoreGraphics
0x00007fff30519000 	/System/Library/Frameworks/Accelerate.framework/Versions/A/Accelerate
0x00007fff2b3fc000 	/System/Library/PrivateFrameworks/IconServices.framework/Versions/A/IconServices
0x00007fff285b6000 	/System/Library/Frameworks/IOSurface.framework/Versions/A/IOSurface
0x00007fff2642d000 	/usr/lib/libDiagnosticMessagesClient.dylib
0x00007fff28c60000 	/System/Library/PrivateFrameworks/DFRFoundation.framework/Versions/A/DFRFoundation
0x00007fff22518000 	/usr/lib/libicucore.A.dylib
0x00007fff2cefc000 	/System/Library/Frameworks/AudioToolbox.framework/Versions/A/AudioToolbox
0x00007fff2c1a7000 	/System/Library/PrivateFrameworks/DataDetectorsCore.framework/Versions/A/DataDetectorsCore
0x00007fff28960000 	/System/Library/Frameworks/Carbon.framework/Versions/A/Frameworks/HIToolbox.framework/Versions/A/HIToolbox
0x00007fff26ea9000 	/System/Library/Frameworks/QuartzCore.framework/Versions/A/QuartzCore
0x00007fff2fefe000 	/System/Library/Frameworks/Carbon.framework/Versions/A/Frameworks/SpeechRecognition.framework/Versions/A/SpeechRecognition
0x00007fff271ae000 	/System/Library/PrivateFrameworks/CoreUI.framework/Versions/A/CoreUI
0x00007fff21b24000 	/System/Library/Frameworks/CoreAudio.framework/Versions/A/CoreAudio
0x00007fff26518000 	/System/Library/Frameworks/DiskArbitration.framework/Versions/A/DiskArbitration
0x00007fff2bdb9000 	/System/Library/PrivateFrameworks/MultitouchSupport.framework/Versions/A/MultitouchSupport
0x00007fff2c19e000 	/System/Library/PrivateFrameworks/InternationalSupport.framework/Versions/A/InternationalSupport
0x00007fff24af8000 	/usr/lib/libenergytrace.dylib
0x00007fff22ae6000 	/System/Library/Frameworks/IOKit.framework/Versions/A/IOKit
0x00007fff3024b000 	/System/Library/Frameworks/CoreServices.framework/Versions/A/CoreServices
0x00007fff273dc000 	/System/Library/PrivateFrameworks/PerformanceAnalysis.framework/Versions/A/PerformanceAnalysis
0x00007fff6b73f000 	/System/Library/Frameworks/OpenGL.framework/Versions/A/OpenGL
0x00007fff2c223000 	/System/Library/PrivateFrameworks/UserActivity.framework/Versions/A/UserActivity
0x00007fff2559d000 	/System/Library/Frameworks/ColorSync.framework/Versions/A/ColorSync
0x00007fff28ee3000 	/System/Library/Frameworks/CoreImage.framework/Versions/A/CoreImage
0x00007fff2193a000 	/System/Library/Frameworks/CoreText.framework/Versions/A/CoreText
0x00007fff28ca2000 	/System/Library/Frameworks/ImageIO.framework/Versions/A/ImageIO
0x00007fff2a72a000 	/System/Library/PrivateFrameworks/SoftLinking.framework/Versions/A/SoftLinking
0x00007fff27492000 	/usr/lib/libxml2.2.dylib
0x00007fff20342000 	/usr/lib/libc++.1.dylib
0x00007fff2a99c000 	/usr/lib/libcompression.dylib
0x00007fff24af9000 	/usr/lib/libMobileGestalt.dylib
0x00007fff2c0d1000 	/System/Library/PrivateFrameworks/TextureIO.framework/Versions/A/TextureIO
0x00007fff2b08a000 	/usr/lib/libate.dylib
0x00007fff2a71e000 	/usr/lib/system/libcache.dylib
0x00007fff2a6da000 	/usr/lib/system/libcommonCrypto.dylib
0x00007fff2a704000 	/usr/lib/system/libcompiler_rt.dylib
0x00007fff2a6f9000 	/usr/lib/system/libcopyfile.dylib
0x00007fff2016e000 	/usr/lib/system/libcorecrypto.dylib
0x00007fff20237000 	/usr/lib/system/libdispatch.dylib
0x00007fff203ec000 	/usr/lib/system/libdyld.dylib
0x00007fff2a715000 	/usr/lib/system/libkeymgr.dylib
0x00007fff2dcab000 	/usr/lib/system/liblaunch.dylib
0x00007fff2a6b8000 	/usr/lib/system/libmacho.dylib
0x00007fff29ece000 	/usr/lib/system/libquarantine.dylib
0x00007fff2a712000 	/usr/lib/system/libremovefile.dylib
0x00007fff24b55000 	/usr/lib/system/libsystem_asl.dylib
0x00007fff2011e000 	/usr/lib/system/libsystem_blocks.dylib
0x00007fff202b9000 	/usr/lib/system/libsystem_c.dylib
0x00007fff2a70c000 	/usr/lib/system/libsystem_collections.dylib
0x00007fff292bb000 	/usr/lib/system/libsystem_configuration.dylib
0x00007fff285a5000 	/usr/lib/system/libsystem_containermanager.dylib
0x00007fff2a450000 	/usr/lib/system/libsystem_coreservices.dylib
0x00007fff2277a000 	/usr/lib/system/libsystem_darwin.dylib
0x00007fff2a716000 	/usr/lib/system/libsystem_dnssd.dylib
0x00007fff202b6000 	/usr/lib/system/libsystem_featureflags.dylib
0x00007fff20431000 	/usr/lib/system/libsystem_info.dylib
0x00007fff2a66b000 	/usr/lib/system/libsystem_m.dylib
0x00007fff2020a000 	/usr/lib/system/libsystem_malloc.dylib
0x00007fff24ae9000 	/usr/lib/system/libsystem_networkextension.dylib
0x00007fff22b94000 	/usr/lib/system/libsystem_notify.dylib
0x00007fff30149000 	/usr/lib/system/libsystem_product_info_filter.dylib
0x00007fff292bf000 	/usr/lib/system/libsystem_sandbox.dylib
0x00007fff2a70f000 	/usr/lib/system/libsystem_secinit.dylib
0x00007fff203b1000 	/usr/lib/system/libsystem_kernel.dylib
0x00007fff20427000 	/usr/lib/system/libsystem_platform.dylib
0x00007fff203e0000 	/usr/lib/system/libsystem_pthread.dylib
0x00007fff2627b000 	/usr/lib/system/libsystem_symptoms.dylib
0x00007fff20156000 	/usr/lib/system/libsystem_trace.dylib
0x00007fff2a6e6000 	/usr/lib/system/libunwind.dylib
0x00007fff20120000 	/usr/lib/system/libxpc.dylib
0x00007fff20398000 	/usr/lib/libc++abi.dylib
0x00007fff2a6f1000 	/usr/lib/liboah.dylib
0x00007fff2adb5000 	/usr/lib/liblzma.5.dylib
0x00007fff20e52000 	/System/Library/Frameworks/SystemConfiguration.framework/Versions/A/SystemConfiguration
0x00007fff2a726000 	/usr/lib/libfakelink.dylib
0x00007fff2464b000 	/System/Library/Frameworks/CFNetwork.framework/Versions/A/CFNetwork
0x00007fff2a866000 	/usr/lib/libarchive.2.dylib
0x00007fff20ecf000 	/usr/lib/libCRFSuite.dylib
0x00007fff29ef5000 	/usr/lib/libbsm.0.dylib
0x00007fff24007000 	/usr/lib/libnetwork.dylib
0x00007fff2a72b000 	/usr/lib/libpcap.A.dylib
0x00007fff26274000 	/usr/lib/libdns_services.dylib
0x00007fff2adce000 	/usr/lib/libcoretls_cfhelpers.dylib
0x00007fff2a96a000 	/usr/lib/libapple_nghttp2.dylib
0x00007fff2a6be000 	/usr/lib/system/libkxld.dylib
0x00007fff25ee2000 	/usr/lib/libsqlite3.dylib
0x00007fff2a432000 	/System/Library/PrivateFrameworks/AppleFSCompression.framework/Versions/A/AppleFSCompression
0x00007fff29edd000 	/usr/lib/libcoretls.dylib
0x00007fff2a997000 	/usr/lib/libpam.2.dylib
0x00007fff2aecb000 	/usr/lib/libxar.1.dylib
0x00007fff292c6000 	/System/Library/PrivateFrameworks/AppleSystemInfo.framework/Versions/A/AppleSystemInfo
0x00007fff29b20000 	/System/Library/PrivateFrameworks/IOMobileFramebuffer.framework/Versions/A/IOMobileFramebuffer
0x00007fff2a442000 	/usr/lib/libbz2.1.0.dylib
0x00007fff2a763000 	/usr/lib/libiconv.2.dylib
0x00007fff2a6b7000 	/usr/lib/libcharset.1.dylib
0x00007fff27418000 	/System/Library/Frameworks/CoreServices.framework/Versions/A/Frameworks/FSEvents.framework/Versions/A/FSEvents
0x00007fff22784000 	/System/Library/Frameworks/CoreServices.framework/Versions/A/Frameworks/CarbonCore.framework/Versions/A/CarbonCore
0x00007fff2647d000 	/System/Library/Frameworks/CoreServices.framework/Versions/A/Frameworks/Metadata.framework/Versions/A/Metadata
0x00007fff2a455000 	/System/Library/Frameworks/CoreServices.framework/Versions/A/Frameworks/OSServices.framework/Versions/A/OSServices
0x00007fff2a8d8000 	/System/Library/Frameworks/CoreServices.framework/Versions/A/Frameworks/SearchKit.framework/Versions/A/SearchKit
0x00007fff261fe000 	/System/Library/Frameworks/CoreServices.framework/Versions/A/Frameworks/AE.framework/Versions/A/AE
0x00007fff208f9000 	/System/Library/Frameworks/CoreServices.framework/Versions/A/Frameworks/LaunchServices.framework/Versions/A/LaunchServices
0x00007fff2ad66000 	/System/Library/Frameworks/CoreServices.framework/Versions/A/Frameworks/DictionaryServices.framework/Versions/A/DictionaryServices
0x00007fff27421000 	/System/Library/Frameworks/CoreServices.framework/Versions/A/Frameworks/SharedFileList.framework/Versions/A/SharedFileList
0x00007fff29ed1000 	/usr/lib/libCheckFix.dylib
0x00007fff24b6c000 	/System/Library/PrivateFrameworks/TCC.framework/Versions/A/TCC
0x00007fff292cc000 	/System/Library/PrivateFrameworks/CoreNLP.framework/Versions/A/CoreNLP
0x00007fff26430000 	/System/Library/PrivateFrameworks/MetadataUtilities.framework/Versions/A/MetadataUtilities
0x00007fff20f05000 	/usr/lib/libmecabra.dylib
0x00007fff2a1e5000 	/System/Library/Frameworks/MLCompute.framework/Versions/A/MLCompute
0x00007fff29f06000 	/usr/lib/libmecab.dylib
0x00007fff29f50000 	/usr/lib/libgermantok.dylib
0x00007fff2a940000 	/usr/lib/libThaiTokenizer.dylib
0x00007fff2af06000 	/usr/lib/libChineseTokenizer.dylib
0x00007fff2a995000 	/System/Library/Frameworks/MetalPerformanceShaders.framework/Versions/A/MetalPerformanceShaders
0x00007fff2651f000 	/System/Library/Frameworks/Accelerate.framework/Versions/A/Frameworks/vImage.framework/Versions/A/vImage
0x00007fff30224000 	/System/Library/Frameworks/Accelerate.framework/Versions/A/Frameworks/vecLib.framework/Versions/A/vecLib
0x00007fff2af11000 	/System/Library/Frameworks/Accelerate.framework/Versions/A/Frameworks/vecLib.framework/Versions/A/libvMisc.dylib
0x00007fff2997c000 	/System/Library/Frameworks/Accelerate.framework/Versions/A/Frameworks/vecLib.framework/Versions/A/libvDSP.dylib
0x00007fff20bfc000 	/System/Library/Frameworks/Accelerate.framework/Versions/A/Frameworks/vecLib.framework/Versions/A/libBLAS.dylib
0x00007fff2a9bb000 	/System/Library/Frameworks/Accelerate.framework/Versions/A/Frameworks/vecLib.framework/Versions/A/libLAPACK.dylib
0x00007fff29f56000 	/System/Library/Frameworks/Accelerate.framework/Versions/A/Frameworks/vecLib.framework/Versions/A/libLinearAlgebra.dylib
0x00007fff2a982000 	/System/Library/Frameworks/Accelerate.framework/Versions/A/Frameworks/vecLib.framework/Versions/A/libSparseBLAS.dylib
0x00007fff2a9b5000 	/System/Library/Frameworks/Accelerate.framework/Versions/A/Frameworks/vecLib.framework/Versions/A/libQuadrature.dylib
0x00007fff29374000 	/System/Library/Frameworks/Accelerate.framework/Versions/A/Frameworks/vecLib.framework/Versions/A/libBNNS.dylib
0x00007fff20de3000 	/System/Library/Frameworks/Accelerate.framework/Versions/A/Frameworks/vecLib.framework/Versions/A/libSparse.dylib
0x00007fff2925f000 	/System/Library/Frameworks/MetalPerformanceShaders.framework/Versions/A/Frameworks/MPSCore.framework/Versions/A/MPSCore
0x00007fff2a3a1000 	/System/Library/Frameworks/MetalPerformanceShaders.framework/Versions/A/Frameworks/MPSImage.framework/Versions/A/MPSImage
0x00007fff29f6d000 	/System/Library/Frameworks/MetalPerformanceShaders.framework/Versions/A/Frameworks/MPSNeuralNetwork.framework/Versions/A/MPSNeuralNetwork
0x00007fff2a32c000 	/System/Library/Frameworks/MetalPerformanceShaders.framework/Versions/A/Frameworks/MPSMatrix.framework/Versions/A/MPSMatrix
0x00007fff2a195000 	/System/Library/Frameworks/MetalPerformanceShaders.framework/Versions/A/Frameworks/MPSRayIntersector.framework/Versions/A/MPSRayIntersector
0x00007fff2a363000 	/System/Library/Frameworks/MetalPerformanceShaders.framework/Versions/A/Frameworks/MPSNDArray.framework/Versions/A/MPSNDArray
0x00007fff20b28000 	/System/Library/PrivateFrameworks/MetalTools.framework/Versions/A/MetalTools
0x00007fff292c4000 	/System/Library/PrivateFrameworks/AggregateDictionary.framework/Versions/A/AggregateDictionary
0x00007fff26408000 	/System/Library/PrivateFrameworks/CoreAnalytics.framework/Versions/A/CoreAnalytics
0x00007fff2a942000 	/System/Library/PrivateFrameworks/AppleSauce.framework/Versions/A/AppleSauce
0x00007fff285c8000 	/System/Library/PrivateFrameworks/IOAccelerator.framework/Versions/A/IOAccelerator
0x00007fff6b733000 	/System/Library/Frameworks/OpenGL.framework/Versions/A/Libraries/libCoreFSCache.dylib
0x00007fff214a0000 	/System/Library/PrivateFrameworks/LanguageModeling.framework/Versions/A/LanguageModeling
0x00007fff29b0d000 	/System/Library/PrivateFrameworks/CoreEmoji.framework/Versions/A/CoreEmoji
0x00007fff2936d000 	/System/Library/PrivateFrameworks/LinguisticData.framework/Versions/A/LinguisticData
0x00007fff20d95000 	/System/Library/PrivateFrameworks/Lexicon.framework/Versions/A/Lexicon
0x00007fff2a854000 	/usr/lib/libcmph.dylib
0x00007fff273f8000 	/System/Library/Frameworks/OpenDirectory.framework/Versions/A/Frameworks/CFOpenDirectory.framework/Versions/A/CFOpenDirectory
0x00007fff273e8000 	/System/Library/Frameworks/OpenDirectory.framework/Versions/A/OpenDirectory
0x00007fff2add0000 	/System/Library/PrivateFrameworks/APFS.framework/Versions/A/APFS
0x00007fff29e32000 	/System/Library/Frameworks/SecurityFoundation.framework/Versions/A/SecurityFoundation
0x00007fff2aed9000 	/usr/lib/libutil.dylib
0x00007fff22aab000 	/System/Library/PrivateFrameworks/CoreServicesStore.framework/Versions/A/CoreServicesStore
0x00007fff29ec9000 	/System/Library/Frameworks/ServiceManagement.framework/Versions/A/ServiceManagement
0x00007fff2aedd000 	/usr/lib/libxslt.1.dylib
0x00007fff29ebf000 	/System/Library/PrivateFrameworks/BackgroundTaskManagement.framework/Versions/A/BackgroundTaskManagement
0x00007fff2c01c000 	/System/Library/Frameworks/ImageIO.framework/Versions/A/Resources/libRadiance.dylib
0x00007fff2c025000 	/System/Library/Frameworks/ImageIO.framework/Versions/A/Resources/libJPEG.dylib
0x00007fff2bf73000 	/System/Library/Frameworks/ImageIO.framework/Versions/A/Resources/libPng.dylib
0x00007fff2bf9a000 	/System/Library/Frameworks/ImageIO.framework/Versions/A/Resources/libTIFF.dylib
0x00007fff2c07a000 	/System/Library/Frameworks/ImageIO.framework/Versions/A/Resources/libGIF.dylib
0x00007fff2bcd7000 	/System/Library/Frameworks/ImageIO.framework/Versions/A/Resources/libJP2.dylib
0x00007fff2b3c3000 	/usr/lib/libexpat.1.dylib
0x00007fff2bc8d000 	/System/Library/PrivateFrameworks/AppleJPEG.framework/Versions/A/AppleJPEG
0x00007fff28803000 	/System/Library/PrivateFrameworks/FontServices.framework/libFontParser.dylib
0x00007fff261b2000 	/System/Library/PrivateFrameworks/RunningBoardServices.framework/Versions/A/RunningBoardServices
0x00007fff2bdb5000 	/System/Library/PrivateFrameworks/WatchdogClient.framework/Versions/A/WatchdogClient
0x00007fff2158d000 	/System/Library/Frameworks/CoreDisplay.framework/Versions/A/CoreDisplay
0x00007fff28718000 	/System/Library/Frameworks/CoreMedia.framework/Versions/A/CoreMedia
0x00007fff27575000 	/System/Library/Frameworks/CoreVideo.framework/Versions/A/CoreVideo
0x00007fff2bded000 	/System/Library/Frameworks/VideoToolbox.framework/Versions/A/VideoToolbox
0x00007fff26130000 	/System/Library/PrivateFrameworks/BaseBoard.framework/Versions/A/BaseBoard
0x00007fff2b508000 	/System/Library/PrivateFrameworks/PersistentConnection.framework/Versions/A/PersistentConnection
0x00007fff25ecb000 	/System/Library/PrivateFrameworks/ProtocolBuffer.framework/Versions/A/ProtocolBuffer
0x00007fff26117000 	/System/Library/PrivateFrameworks/CommonUtilities.framework/Versions/A/CommonUtilities
0x00007fff2bc22000 	/System/Library/PrivateFrameworks/Bom.framework/Versions/A/Bom
0x00007fff2c015000 	/System/Library/PrivateFrameworks/GPUWrangler.framework/Versions/A/GPUWrangler
0x00007fff2bff8000 	/System/Library/PrivateFrameworks/IOPresentment.framework/Versions/A/IOPresentment
0x00007fff2c01f000 	/System/Library/PrivateFrameworks/DSExternalDisplay.framework/Versions/A/DSExternalDisplay
0x00007fff2c07f000 	/System/Library/PrivateFrameworks/CMCaptureCore.framework/Versions/A/CMCaptureCore
0x00007fff2b9a8000 	/System/Library/PrivateFrameworks/AppServerSupport.framework/Versions/A/AppServerSupport
0x00007fff2da4c000 	/System/Library/PrivateFrameworks/perfdata.framework/Versions/A/perfdata
0x00007fff29e21000 	/System/Library/PrivateFrameworks/AssertionServices.framework/Versions/A/AssertionServices
0x00007fff216c4000 	/System/Library/PrivateFrameworks/AudioToolboxCore.framework/Versions/A/AudioToolboxCore
0x00007fff286fb000 	/System/Library/PrivateFrameworks/caulk.framework/Versions/A/caulk
0x00007fff3cce6000 	/System/Library/PrivateFrameworks/SystemPolicy.framework/Versions/A/SystemPolicy
0x00007fff2b1b9000 	/usr/lib/libIOReport.dylib
0x00007fff2d26e000 	/usr/lib/libSMC.dylib
0x00007fff2bf40000 	/usr/lib/libAudioToolboxUtility.dylib
0x00007fff3d64b000 	/usr/lib/libmis.dylib
0x00007fff6b78f000 	/System/Library/Frameworks/OpenGL.framework/Versions/A/Libraries/libGLU.dylib
0x00007fff6b752000 	/System/Library/Frameworks/OpenGL.framework/Versions/A/Libraries/libGFXShared.dylib
0x00007fff6b961000 	/System/Library/Frameworks/OpenGL.framework/Versions/A/Libraries/libGL.dylib
0x00007fff6b75b000 	/System/Library/Frameworks/OpenGL.framework/Versions/A/Libraries/libGLImage.dylib
0x00007fff6b74f000 	/System/Library/Frameworks/OpenGL.framework/Versions/A/Libraries/libCVMSPluginSupport.dylib
0x00007fff6b73a000 	/System/Library/Frameworks/OpenGL.framework/Versions/A/Libraries/libCoreVMClient.dylib
0x00007fff6cda2000 	/System/Library/Frameworks/OpenCL.framework/Versions/A/OpenCL
0x00007fff2b532000 	/System/Library/PrivateFrameworks/GraphVisualizer.framework/Versions/A/GraphVisualizer
0x00007fff2b541000 	/System/Library/PrivateFrameworks/FaceCore.framework/Versions/A/FaceCore
0x00007fff2b95d000 	/System/Library/PrivateFrameworks/OTSVG.framework/Versions/A/OTSVG
0x00007fff2716c000 	/System/Library/Frameworks/ApplicationServices.framework/Versions/A/Frameworks/ATS.framework/Versions/A/Resources/libFontRegistry.dylib
0x00007fff2b9af000 	/System/Library/PrivateFrameworks/FontServices.framework/libhvf.dylib
0x00007fff2b36f000 	/System/Library/PrivateFrameworks/AppleVA.framework/Versions/A/AppleVA
0x00007fff2d0b7000 	/System/Library/Frameworks/ApplicationServices.framework/Versions/A/Frameworks/ATS.framework/Versions/A/ATS
0x00007fff2d3c9000 	/System/Library/Frameworks/ApplicationServices.framework/Versions/A/Frameworks/ColorSyncLegacy.framework/Versions/A/ColorSyncLegacy
0x00007fff25694000 	/System/Library/Frameworks/ApplicationServices.framework/Versions/A/Frameworks/HIServices.framework/Versions/A/HIServices
0x00007fff2d3ae000 	/System/Library/Frameworks/ApplicationServices.framework/Versions/A/Frameworks/LangAnalysis.framework/Versions/A/LangAnalysis
0x00007fff2c089000 	/System/Library/Frameworks/ApplicationServices.framework/Versions/A/Frameworks/PrintCore.framework/Versions/A/PrintCore
0x00007fff2d3d1000 	/System/Library/Frameworks/ApplicationServices.framework/Versions/A/Frameworks/QD.framework/Versions/A/QD
0x00007fff2d0a7000 	/System/Library/Frameworks/ApplicationServices.framework/Versions/A/Frameworks/SpeechSynthesis.framework/Versions/A/SpeechSynthesis
0x00007fff2c04a000 	/System/Library/Frameworks/ApplicationServices.framework/Versions/A/Frameworks/ATSUI.framework/Versions/A/ATSUI
0x00007fff2d34e000 	/usr/lib/libcups.2.dylib
0x00007fff2d3be000 	/System/Library/PrivateFrameworks/NetAuth.framework/Versions/A/NetAuth
0x00007fff2da68000 	/System/Library/Frameworks/Kerberos.framework/Versions/A/Kerberos
0x00007fff2da78000 	/System/Library/Frameworks/GSS.framework/Versions/A/GSS
0x00007fff2d123000 	/usr/lib/libresolv.9.dylib
0x00007fff2b9c4000 	/System/Library/PrivateFrameworks/Heimdal.framework/Versions/A/Heimdal
0x00007fff337df000 	/System/Library/Frameworks/Kerberos.framework/Versions/A/Libraries/libHeimdalProxy.dylib
0x00007fff26283000 	/System/Library/Frameworks/Network.framework/Versions/A/Network
0x00007fff2b3dd000 	/usr/lib/libheimdal-asn1.dylib
0x00007fff2dac8000 	/System/Library/PrivateFrameworks/CommonAuth.framework/Versions/A/CommonAuth
0x00007fff275c2000 	/System/Library/PrivateFrameworks/login.framework/Versions/A/Frameworks/loginsupport.framework/Versions/A/loginsupport
0x00007fff2d02c000 	/System/Library/PrivateFrameworks/AudioSession.framework/Versions/A/AudioSession
0x00007fff2d094000 	/usr/lib/libAudioStatistics.dylib
0x00007fff2b46a000 	/System/Library/PrivateFrameworks/MediaExperience.framework/Versions/A/MediaExperience
0x00007fff2ceca000 	/System/Library/PrivateFrameworks/AudioSession.framework/libSessionUtility.dylib
0x00007fff2da59000 	/usr/lib/libperfcheck.dylib
0x00007fff2d3dd000 	/System/Library/PrivateFrameworks/AudioResourceArbitration.framework/Versions/A/AudioResourceArbitration
0x00007fff2b3e7000 	/System/Library/PrivateFrameworks/IconFoundation.framework/Versions/A/IconFoundation
0x00007fff2feee000 	/System/Library/PrivateFrameworks/SpeechRecognitionCore.framework/Versions/A/SpeechRecognitionCore
0x000000010c800000 	/Library/Java/JavaVirtualMachines/jdk1.8.0_271.jdk/Contents/Home/jre/lib/server/libjvm.dylib
0x00000001086a2000 	/Library/Java/JavaVirtualMachines/jdk1.8.0_271.jdk/Contents/Home/jre/lib/libverify.dylib
0x00000001086c7000 	/Library/Java/JavaVirtualMachines/jdk1.8.0_271.jdk/Contents/Home/jre/lib/libjava.dylib
0x0000000108747000 	/Library/Java/JavaVirtualMachines/jdk1.8.0_271.jdk/Contents/Home/jre/lib/libzip.dylib
0x000000012987c000 	/Users/huxian/Downloads/apache-maven-3.5.4/lib/jansi-native/osx/libjansi.jnilib
0x000000012a6e1000 	/Library/Java/JavaVirtualMachines/jdk1.8.0_271.jdk/Contents/Home/jre/lib/libnet.dylib
0x000000012a720000 	/Library/Java/JavaVirtualMachines/jdk1.8.0_271.jdk/Contents/Home/jre/lib/libnio.dylib

VM Arguments:
jvm_args: -Dclassworlds.conf=/Users/huxian/Downloads/apache-maven-3.5.4/bin/m2.conf -Dmaven.home=/Users/huxian/Downloads/apache-maven-3.5.4 -Dlibrary.jansi.path=/Users/huxian/Downloads/apache-maven-3.5.4/lib/jansi-native -Dmaven.multiModuleProjectDirectory=/Users/huxian/Downloads//rocketmq-practice-master 
java_command: org.codehaus.plexus.classworlds.launcher.Launcher clean install -Dmaven.test.skip=true
java_class_path (initial): /Users/huxian/Downloads/apache-maven-3.5.4/boot/plexus-classworlds-2.5.2.jar
Launcher Type: SUN_STANDARD

Environment Variables:
JAVA_HOME=/Library/Java/JavaVirtualMachines/jdk1.8.0_271.jdk/Contents/Home
CLASSPATH=
PATH=/Library/Java/JavaVirtualMachines/jdk1.8.0_271.jdk/Contents/Home/bin:/opt/homebrew/bin:/opt/homebrew/sbin:/usr/local/bin:/usr/bin:/bin:/usr/sbin:/sbin:/usr/local/go/bin:/Library/Java/JavaVirtualMachines/jdk1.8.0_271.jdk/Contents/Home/bin:/Users/huxian/Downloads/apache-maven-3.5.4/bin::/Users/huxian/Downloads/apache-maven-3.6.3/bin:/Users/huxian/Downloads/gradle-7.1.1/bin:/usr/local/mysql/bin
SHELL=/bin/zsh

Signal Handlers:
SIGSEGV: [libjvm.dylib+0x5a0dcb], sa_mask[0]=11111111111111111111111111111111, sa_flags=SA_ONSTACK|SA_RESTART|SA_SIGINFO
SIGBUS: [libjvm.dylib+0x5a0dcb], sa_mask[0]=11111111111111111111111111111111, sa_flags=SA_RESTART|SA_SIGINFO
SIGFPE: [libjvm.dylib+0x491731], sa_mask[0]=11111111111111111111111111111111, sa_flags=SA_RESTART|SA_SIGINFO
SIGPIPE: [libjvm.dylib+0x491731], sa_mask[0]=11111111111111111111111111111111, sa_flags=SA_RESTART|SA_SIGINFO
SIGXFSZ: [libjvm.dylib+0x491731], sa_mask[0]=11111111111111111111111111111111, sa_flags=SA_RESTART|SA_SIGINFO
SIGILL: [libjvm.dylib+0x491731], sa_mask[0]=11111111111111111111111111111111, sa_flags=SA_RESTART|SA_SIGINFO
SIGUSR1: SIG_DFL, sa_mask[0]=00000000000000000000000000000000, sa_flags=none
SIGUSR2: [libjvm.dylib+0x49202a], sa_mask[0]=00000000000000000000000000000000, sa_flags=SA_RESTART|SA_SIGINFO
SIGHUP: [libjvm.dylib+0x490239], sa_mask[0]=11111111111111111111111111111111, sa_flags=SA_RESTART|SA_SIGINFO
SIGINT: [libjvm.dylib+0x490239], sa_mask[0]=11111111111111111111111111111111, sa_flags=SA_RESTART|SA_SIGINFO
SIGTERM: [libjvm.dylib+0x490239], sa_mask[0]=11111111111111111111111111111111, sa_flags=SA_RESTART|SA_SIGINFO
SIGQUIT: [libjvm.dylib+0x490239], sa_mask[0]=11111111111111111111111111111111, sa_flags=SA_RESTART|SA_SIGINFO


---------------  S Y S T E M  ---------------

OS:Bsduname:Darwin 20.1.0 Darwin Kernel Version 20.1.0: Sat Oct 31 00:07:10 PDT 2020; root:xnu-7195.50.7~2/RELEASE_ARM64_T8101 x86_64
rlimit: STACK 8176k, CORE 0k, NPROC 2666, NOFILE 10240, AS infinity
load average:16.87 14.30 8.53

CPU:total 8 (initial active 8) (1 cores per cpu, 1 threads per core) family 6 model 44 stepping 0, cmov, cx8, fxsr, mmx, sse, sse2, sse3, ssse3, sse4.1, sse4.2, popcnt, aes, clmul, tsc, tscinvbit, tscinv

Memory: 4k page, physical 16777216k(25004k free)

/proc/meminfo:


vm_info: Java HotSpot(TM) 64-Bit Server VM (25.271-b09) for bsd-amd64 JRE (1.8.0_271-b09), built on Sep 16 2020 16:54:38 by "java_re" with gcc 4.2.1 Compatible Apple LLVM 10.0.0 (clang-1000.11.45.5)

time: Tue Mar 22 12:21:23 2022
timezone: CST
elapsed time: 27.191575 seconds (0d 0h 0m 27s)

