Java HotSpot(TM) 64-Bit Server VM warning: Cannot open file /dev/shm/mq_gc_pid92196.log due to No such file or directory

The standalone worker boot success.
Java HotSpot(TM) 64-Bit Server VM warning: Cannot open file /dev/shm/mq_gc_pid92557.log due to No such file or directory

java.lang.NullPointerException
	at java.lang.StringBuffer.<init>(StringBuffer.java:139)
	at org.apache.rocketmq.connect.runtime.utils.ConnectUtil.createUniqInstance(ConnectUtil.java:95)
	at org.apache.rocketmq.connect.runtime.utils.ConnectUtil.initDefaultMQPullConsumer(ConnectUtil.java:128)
	at org.apache.rocketmq.connect.runtime.service.ClusterManagementServiceImpl.initialize(ClusterManagementServiceImpl.java:84)
	at org.apache.rocketmq.connect.runtime.DistributedConnectStartup.createConnectController(DistributedConnectStartup.java:159)
	at org.apache.rocketmq.connect.runtime.DistributedConnectStartup.main(DistributedConnectStartup.java:68)
Java HotSpot(TM) 64-Bit Server VM warning: Cannot open file /dev/shm/mq_gc_pid92815.log due to No such file or directory

java.lang.NullPointerException
	at java.lang.StringBuffer.<init>(StringBuffer.java:139)
	at org.apache.rocketmq.connect.runtime.utils.ConnectUtil.createUniqInstance(ConnectUtil.java:95)
	at org.apache.rocketmq.connect.runtime.utils.ConnectUtil.initDefaultMQPullConsumer(ConnectUtil.java:128)
	at org.apache.rocketmq.connect.runtime.service.ClusterManagementServiceImpl.initialize(ClusterManagementServiceImpl.java:84)
	at org.apache.rocketmq.connect.runtime.DistributedConnectStartup.createConnectController(DistributedConnectStartup.java:159)
	at org.apache.rocketmq.connect.runtime.DistributedConnectStartup.main(DistributedConnectStartup.java:68)
Java HotSpot(TM) 64-Bit Server VM warning: Cannot open file /dev/shm/mq_gc_pid93358.log due to No such file or directory

RocketMQLog:WARN No appenders could be found for logger (io.netty.util.internal.PlatformDependent0).
RocketMQLog:WARN Please initialize the logger system properly.
The worker [192.168.0.123@192.168.0.182:9876-5a282ad9-f870-410e-b3da-b45a558bfce3] boot success.
